<?xml version="1.0" encoding="UTF-8"?>
<!-- Generated by org.testng.reporters.JUnitXMLReporter -->
<testsuite hostname="DESKTOP-CBTHPKT" ignored="0" name="Test" tests="4" failures="0" timestamp="01 Feb 2018 06:27:15 GMT" time="0.086" errors="0">
  <testcase name="testAppraisalEqualsTen" time="0.016" classname="unitTestSuite.TestAppraisal"/>
  <testcase name="testAppraisalLessThanTen" time="0.0" classname="unitTestSuite.TestAppraisal"/>
  <testcase name="testAppraisalMoreThanTen" time="0.0" classname="unitTestSuite.TestAppraisal"/>
  <testcase name="testAnnualSal" time="0.0" classname="unitTestSuite.TestAnnualSalary"/>
</testsuite> <!-- Test -->
