<?xml version="1.0" encoding="UTF-8"?>
<!-- Generated by org.testng.reporters.JUnitXMLReporter -->
<testsuite hostname="DESKTOP-CBTHPKT" ignored="0" name="Default test" tests="3" failures="0" timestamp="01 Feb 2018 06:24:42 GMT" time="0.094" errors="0">
  <testcase name="testAppraisalEqualsTen" time="0.031" classname="unitTestSuite.TestAppraisal"/>
  <testcase name="testAppraisalLessThanTen" time="0.016" classname="unitTestSuite.TestAppraisal"/>
  <testcase name="testAppraisalMoreThanTen" time="0.016" classname="unitTestSuite.TestAppraisal"/>
</testsuite> <!-- Default test -->
